<?xml version="1.0" encoding="UTF-8"?>
<!-- Generated by org.testng.reporters.JUnitReportReporter -->
<testsuite hostname="DESKTOP-5CPAH1B" failures="0" tests="1" name="apachePOI.ReadDataFromExcelFile" time="1.799" errors="0" timestamp="2022-10-13T19:30:23 CDT" skipped="0">
  <testcase classname="apachePOI.ReadDataFromExcelFile" name="f" time="1.799"/>
  <system-out/>
</testsuite> <!-- apachePOI.ReadDataFromExcelFile -->
