<?xml version="1.0" encoding="UTF-8"?>
<!-- Generated by org.testng.reporters.JUnitReportReporter -->
<testsuite hostname="DESKTOP-5CPAH1B" failures="0" tests="2" name="myTestNG.AnnotationsFour" time="0.053" errors="0" timestamp="2022-10-06T19:15:30 CDT" skipped="0">
  <testcase classname="myTestNG.AnnotationsFour" name="f" time="0.010"/>
  <system-out/>
  <testcase classname="myTestNG.AnnotationsFour" name="a" time="0.043"/>
  <system-out/>
</testsuite> <!-- myTestNG.AnnotationsFour -->
