<?xml version="1.0" encoding="UTF-8"?>
<!-- Generated by org.testng.reporters.JUnitReportReporter -->
<testsuite hostname="DESKTOP-5CPAH1B" failures="0" tests="2" name="myTestNG.FBLogin" time="10.161" errors="0" timestamp="2022-10-06T19:24:17 CDT" skipped="0">
  <testcase classname="myTestNG.FBLogin" name="tc_001_login" time="4.864"/>
  <system-out/>
  <testcase classname="myTestNG.FBLogin" name="tc_002_forgotpassword" time="5.297"/>
  <system-out/>
</testsuite> <!-- myTestNG.FBLogin -->
