<?xml version="1.0" encoding="UTF-8"?>
<!-- Generated by org.testng.reporters.JUnitReportReporter -->
<testsuite hostname="DESKTOP-5CPAH1B" failures="0" tests="1" name="myTestNG.FB_Login" time="1.817" errors="0" timestamp="2022-09-29T18:53:33 CDT" skipped="0">
  <testcase classname="myTestNG.FB_Login" name="f" time="1.817"/>
  <system-out/>
</testsuite> <!-- myTestNG.FB_Login -->
