<?xml version="1.0" encoding="UTF-8"?>
<!-- Generated by org.testng.reporters.JUnitReportReporter -->
<testsuite hostname="DESKTOP-5CPAH1B" failures="0" tests="1" name="myTestNG.SeleniumDataBaseTesting" time="0.087" errors="0" timestamp="2022-10-28T19:12:09 CDT" skipped="0">
  <testcase classname="myTestNG.SeleniumDataBaseTesting" name="getDataFromDataBase" time="0.087"/>
  <system-out/>
</testsuite> <!-- myTestNG.SeleniumDataBaseTesting -->
