<?xml version="1.0" encoding="UTF-8"?>
<!-- Generated by org.testng.reporters.JUnitReportReporter -->
<testsuite hostname="DESKTOP-5CPAH1B" failures="0" tests="1" name="apachePOI.FB_Retesting" time="34.449" errors="0" timestamp="2022-10-20T19:11:47 CDT" skipped="0">
  <testcase classname="apachePOI.FB_Retesting" name="getDataFromExcel" time="34.449"/>
  <system-out/>
</testsuite> <!-- apachePOI.FB_Retesting -->
