<?xml version="1.0" encoding="UTF-8"?>
<!-- Generated by org.testng.reporters.JUnitReportReporter -->
<testsuite hostname="DESKTOP-5CPAH1B" failures="0" tests="1" name="myTestNG.PrintGoogleHeyperLinks" time="0.171" errors="0" timestamp="2022-10-20T19:11:47 CDT" skipped="0">
  <testcase classname="myTestNG.PrintGoogleHeyperLinks" name="tc_001" time="0.171"/>
  <system-out/>
</testsuite> <!-- myTestNG.PrintGoogleHeyperLinks -->
