<?xml version="1.0" encoding="UTF-8"?>
<!-- Generated by org.testng.reporters.JUnitReportReporter -->
<testsuite hostname="SeenaReddy" failures="0" tests="1" name="actions.MouseMove" time="3.110" errors="0" timestamp="2023-02-18T11:36:32 CST" skipped="0">
  <testcase classname="actions.MouseMove" name="tc_05_CopyPaste" time="3.110"/>
  <system-out/>
</testsuite> <!-- actions.MouseMove -->
