<?xml version="1.0" encoding="UTF-8"?>
<!-- Generated by org.testng.reporters.JUnitReportReporter -->
<testsuite hostname="SeenaReddy" failures="0" tests="1" name="fcc.FCC_Recording_Delete" time="160.533" errors="0" timestamp="2022-11-20T19:57:20 CST" skipped="0">
  <testcase classname="fcc.FCC_Recording_Delete" name="fcc" time="160.533"/>
  <system-out/>
</testsuite> <!-- fcc.FCC_Recording_Delete -->
