<?xml version="1.0" encoding="UTF-8"?>
<!-- Generated by org.testng.reporters.JUnitReportReporter -->
<testsuite hostname="DESKTOP-5CPAH1B" failures="0" tests="4" name="myTestNG.FB_Retesting" time="5.562" errors="0" timestamp="2022-09-29T19:25:14 CDT" skipped="0">
  <testcase classname="myTestNG.FB_Retesting" name="f" time="1.409"/>
  <system-out/>
  <testcase classname="myTestNG.FB_Retesting" name="f" time="1.144"/>
  <system-out/>
  <testcase classname="myTestNG.FB_Retesting" name="f" time="1.270"/>
  <system-out/>
  <testcase classname="myTestNG.FB_Retesting" name="f" time="1.739"/>
  <system-out/>
</testsuite> <!-- myTestNG.FB_Retesting -->
