<?xml version="1.0" encoding="UTF-8"?>
<!-- Generated by org.testng.reporters.JUnitReportReporter -->
<testsuite hostname="DESKTOP-5CPAH1B" failures="0" tests="2" name="myTestNG.AnnotationsThree" time="0.003" errors="0" timestamp="2022-10-20T19:11:47 CDT" skipped="0">
  <testcase classname="myTestNG.AnnotationsThree" name="a" time="0.002"/>
  <system-out/>
  <testcase classname="myTestNG.AnnotationsThree" name="f" time="0.001"/>
  <system-out/>
</testsuite> <!-- myTestNG.AnnotationsThree -->
