<?xml version="1.0" encoding="UTF-8"?>
<!-- Generated by org.testng.reporters.JUnitReportReporter -->
<testsuite hostname="SeenaReddy" failures="0" tests="1" name="fcc.FCC_Recording_Download" time="225.493" errors="0" timestamp="2022-11-20T19:45:37 CST" skipped="0">
  <testcase classname="fcc.FCC_Recording_Download" name="fcc" time="225.493"/>
  <system-out/>
</testsuite> <!-- fcc.FCC_Recording_Download -->
