<?xml version="1.0" encoding="UTF-8"?>
<!-- Generated by org.testng.reporters.JUnitReportReporter -->
<testsuite hostname="SeenaReddy" failures="0" tests="1" name="advanceTopics.Handle_JSON_Files" time="2.180" errors="0" timestamp="2023-01-23T00:57:12 CST" skipped="0">
  <testcase classname="advanceTopics.Handle_JSON_Files" name="login" time="2.180"/>
  <system-out/>
</testsuite> <!-- advanceTopics.Handle_JSON_Files -->
