<?xml version="1.0" encoding="UTF-8"?>
<!-- Generated by org.testng.reporters.JUnitReportReporter -->
<testsuite hostname="SeenaReddy" failures="0" tests="1" name="myTestNG.BlazeDemo" time="3.586" errors="0" timestamp="2022-11-07T19:08:17 CST" skipped="0">
  <testcase classname="myTestNG.BlazeDemo" name="f" time="3.586"/>
  <system-out/>
</testsuite> <!-- myTestNG.BlazeDemo -->
