<?xml version="1.0" encoding="UTF-8"?>
<!-- Generated by org.testng.reporters.JUnitReportReporter -->
<testsuite hostname="DESKTOP-5CPAH1B" failures="0" tests="2" name="myTestNG.TestSample" time="0.017" errors="0" timestamp="2022-09-29T19:30:19 CDT" skipped="0">
  <testcase classname="myTestNG.TestSample" name="f" time="0.013"/>
  <system-out/>
  <testcase classname="myTestNG.TestSample" name="f" time="0.004"/>
  <system-out/>
</testsuite> <!-- myTestNG.TestSample -->
