<?xml version="1.0" encoding="UTF-8"?>
<!-- Generated by org.testng.reporters.JUnitReportReporter -->
<testsuite hostname="DESKTOP-5CPAH1B" failures="0" tests="1" name="testscenarios.SwitchToNewTAB" time="31.300" errors="0" timestamp="2022-10-11T19:14:52 CDT" skipped="0">
  <testcase classname="testscenarios.SwitchToNewTAB" name="switchToNewTAB" time="31.300"/>
  <system-out/>
</testsuite> <!-- testscenarios.SwitchToNewTAB -->
