<?xml version="1.0" encoding="UTF-8"?>
<!-- Generated by org.testng.reporters.JUnitReportReporter -->
<testsuite hostname="SeenaReddy" failures="0" tests="1" name="myTestNG.GetTTDwebpageDropdowns" time="0.155" errors="0" timestamp="2022-11-07T19:06:48 CST" skipped="0">
  <testcase classname="myTestNG.GetTTDwebpageDropdowns" name="getDD" time="0.155"/>
  <system-out/>
</testsuite> <!-- myTestNG.GetTTDwebpageDropdowns -->
