<?xml version="1.0" encoding="UTF-8"?>
<!-- Generated by org.testng.reporters.JUnitReportReporter -->
<testsuite hostname="DESKTOP-5CPAH1B" failures="0" tests="1" name="myTestNG.CrossBrowserTesting" time="1.897" errors="0" timestamp="2022-09-30T18:58:45 CDT" skipped="0">
  <testcase classname="myTestNG.CrossBrowserTesting" name="f" time="1.897"/>
  <system-out/>
</testsuite> <!-- myTestNG.CrossBrowserTesting -->
