<?xml version="1.0" encoding="UTF-8"?>
<!-- Generated by org.testng.reporters.JUnitReportReporter -->
<testsuite hostname="SeenaReddy" failures="0" tests="1" name="advanceTopics.Get_Html5_InputFieldErrorMessage" time="3.893" errors="0" timestamp="2023-02-18T10:35:58 CST" skipped="0">
  <testcase classname="advanceTopics.Get_Html5_InputFieldErrorMessage" name="f" time="3.893"/>
  <system-out/>
</testsuite> <!-- advanceTopics.Get_Html5_InputFieldErrorMessage -->
