<?xml version="1.0" encoding="UTF-8"?>
<!-- Generated by org.testng.reporters.JUnitReportReporter -->
<testsuite hostname="DESKTOP-5CPAH1B" failures="0" tests="1" name="testscenarios.AlertHandling" time="12.781" errors="0" timestamp="2022-10-10T19:17:04 CDT" skipped="0">
  <testcase classname="testscenarios.AlertHandling" name="f" time="12.781"/>
  <system-out/>
</testsuite> <!-- testscenarios.AlertHandling -->
