<?xml version="1.0" encoding="UTF-8"?>
<!-- Generated by org.testng.reporters.JUnitReportReporter -->
<testsuite hostname="DESKTOP-5CPAH1B" failures="0" tests="1" name="projectWorkAssignment.AssignmentWork" time="5.851" errors="0" timestamp="2022-11-03T19:16:37 CDT" skipped="0">
  <testcase classname="projectWorkAssignment.AssignmentWork" name="test6" time="5.851"/>
  <system-out/>
</testsuite> <!-- projectWorkAssignment.AssignmentWork -->
