<?xml version="1.0" encoding="UTF-8"?>
<!-- Generated by org.testng.reporters.JUnitReportReporter -->
<testsuite hostname="SeenaReddy" failures="0" tests="3" name="myTestNG.NewTestABC" time="0.007" errors="0" timestamp="2023-02-18T10:48:02 CST" skipped="0">
  <testcase classname="myTestNG.NewTestABC" name="c" time="0.002"/>
  <system-out/>
  <testcase classname="myTestNG.NewTestABC" name="b" time="0.001"/>
  <system-out/>
  <testcase classname="myTestNG.NewTestABC" name="a" time="0.004"/>
  <system-out/>
</testsuite> <!-- myTestNG.NewTestABC -->
